<?xml version="1.0" encoding="UTF-8"?>
<!-- Generated by org.testng.reporters.JUnitXMLReporter -->
<testsuite hostname="DESKTOP-LR4KJVP" name="Test" tests="2" failures="2" timestamp="13 Feb 2017 11:21:02 GMT" time="80.067" errors="0">
  <testcase name="testStartTimer" time="48.144" classname="com.mobile.tests.tools.TimerTest">
    <failure type="org.openqa.selenium.NoSuchElementException" message="Can&amp;apos;t locate an element by this strategy: Locator map: 
- native content: &amp;quot;By.id: com.smartron.sid:id/tools_btn&amp;quot; 
- html content: &amp;quot;by id or name &amp;quot;toolsButton&amp;quot;&amp;quot;
For documentation on this error, please visit: http://seleniumhq.org/exceptions/no_such_element.html
Build info: version: &amp;apos;2.53.1&amp;apos;, revision: &amp;apos;a36b8b1cd5757287168e54b817830adce9b0158d&amp;apos;, time: &amp;apos;2016-06-30 19:26:09&amp;apos;
System info: host: &amp;apos;DESKTOP-LR4KJVP&amp;apos;, ip: &amp;apos;10.11.15.181&amp;apos;, os.name: &amp;apos;Windows 10&amp;apos;, os.arch: &amp;apos;amd64&amp;apos;, os.version: &amp;apos;10.0&amp;apos;, java.version: &amp;apos;1.8.0_111&amp;apos;
Driver info: driver.version: unknown">
      <![CDATA[org.openqa.selenium.NoSuchElementException: Can't locate an element by this strategy: Locator map: 
- native content: "By.id: com.smartron.sid:id/tools_btn" 
- html content: "by id or name "toolsButton""
For documentation on this error, please visit: http://seleniumhq.org/exceptions/no_such_element.html
Build info: version: '2.53.1', revision: 'a36b8b1cd5757287168e54b817830adce9b0158d', time: '2016-06-30 19:26:09'
System info: host: 'DESKTOP-LR4KJVP', ip: '10.11.15.181', os.name: 'Windows 10', os.arch: 'amd64', os.version: '10.0', java.version: '1.8.0_111'
Driver info: driver.version: unknown
	at io.appium.java_client.pagefactory.AppiumElementLocator.findElement(AppiumElementLocator.java:110)
	at io.appium.java_client.pagefactory.interceptors.InterceptorOfASingleElement.intercept(InterceptorOfASingleElement.java:57)
	at io.appium.java_client.android.AndroidElement$$EnhancerByCGLIB$$c0b591f0.toString(<generated>)
	at java.lang.String.valueOf(String.java:2994)
	at java.lang.StringBuilder.append(StringBuilder.java:131)
	at org.openqa.selenium.support.ui.ExpectedConditions$10.toString(ExpectedConditions.java:293)
	at org.openqa.selenium.support.ui.FluentWait.until(FluentWait.java:257)
	at com.mobile.api.CommonFunctions.waitforWebElement(CommonFunctions.java:79)
	at com.mobile.app.pages.DashboardPage.selectingToolsOption(DashboardPage.java:125)
	at com.mobile.tests.tools.TimerTest.testStartTimer(TimerTest.java:55)
... Removed 24 stack frames]]>
    </failure>
  </testcase> <!-- testStartTimer -->
  <testcase name="verifyFisrtScript" time="21.509" classname="com.mobile.tests.tools.TimerTest">
    <failure type="org.openqa.selenium.NoSuchElementException" message="Can&amp;apos;t locate an element by this strategy: Locator map: 
- native content: &amp;quot;By.id: com.smartron.sid:id/skip_login_button&amp;quot; 
- html content: &amp;quot;by id or name &amp;quot;skipLoginOption&amp;quot;&amp;quot;
For documentation on this error, please visit: http://seleniumhq.org/exceptions/no_such_element.html
Build info: version: &amp;apos;2.53.1&amp;apos;, revision: &amp;apos;a36b8b1cd5757287168e54b817830adce9b0158d&amp;apos;, time: &amp;apos;2016-06-30 19:26:09&amp;apos;
System info: host: &amp;apos;DESKTOP-LR4KJVP&amp;apos;, ip: &amp;apos;10.11.15.181&amp;apos;, os.name: &amp;apos;Windows 10&amp;apos;, os.arch: &amp;apos;amd64&amp;apos;, os.version: &amp;apos;10.0&amp;apos;, java.version: &amp;apos;1.8.0_111&amp;apos;
Driver info: driver.version: unknown">
      <![CDATA[org.openqa.selenium.NoSuchElementException: Can't locate an element by this strategy: Locator map: 
- native content: "By.id: com.smartron.sid:id/skip_login_button" 
- html content: "by id or name "skipLoginOption""
For documentation on this error, please visit: http://seleniumhq.org/exceptions/no_such_element.html
Build info: version: '2.53.1', revision: 'a36b8b1cd5757287168e54b817830adce9b0158d', time: '2016-06-30 19:26:09'
System info: host: 'DESKTOP-LR4KJVP', ip: '10.11.15.181', os.name: 'Windows 10', os.arch: 'amd64', os.version: '10.0', java.version: '1.8.0_111'
Driver info: driver.version: unknown
	at io.appium.java_client.pagefactory.AppiumElementLocator.findElement(AppiumElementLocator.java:110)
	at io.appium.java_client.pagefactory.interceptors.InterceptorOfASingleElement.intercept(InterceptorOfASingleElement.java:57)
	at io.appium.java_client.android.AndroidElement$$EnhancerByCGLIB$$c0b591f0.toString(<generated>)
	at java.lang.String.valueOf(String.java:2994)
	at java.lang.StringBuilder.append(StringBuilder.java:131)
	at org.openqa.selenium.support.ui.ExpectedConditions$10.toString(ExpectedConditions.java:293)
	at org.openqa.selenium.support.ui.FluentWait.until(FluentWait.java:257)
	at com.mobile.api.CommonFunctions.waitforWebElement(CommonFunctions.java:79)
	at com.mobile.app.pages.LoginPage.skipLogin(LoginPage.java:178)
	at com.mobile.app.pages.LoginPage.loginasUser(LoginPage.java:79)
	at com.mobile.tests.tools.TimerTest.verifyFisrtScript(TimerTest.java:32)
... Removed 24 stack frames]]>
    </failure>
  </testcase> <!-- verifyFisrtScript -->
</testsuite> <!-- Test -->
